[20-Jan-2015 01:41:33 UTC] PHP Notice:  Undefined variable: prefix in /Users/christian.dompert/Development/work/vetenskapsfestivalen/wp-content/themes/Impreza-child/functions.php on line 165
[20-Jan-2015 01:41:33 UTC] PHP Notice:  Undefined variable: prefix in /Users/christian.dompert/Development/work/vetenskapsfestivalen/wp-content/themes/Impreza-child/functions.php on line 175
[20-Jan-2015 01:41:33 UTC] PHP Notice:  Undefined variable: prefix in /Users/christian.dompert/Development/work/vetenskapsfestivalen/wp-content/themes/Impreza-child/functions.php on line 187
[20-Jan-2015 01:41:33 UTC] PHP Notice:  Undefined variable: prefix in /Users/christian.dompert/Development/work/vetenskapsfestivalen/wp-content/themes/Impreza-child/functions.php on line 194
[20-Jan-2015 01:41:33 UTC] PHP Notice:  Undefined variable: prefix in /Users/christian.dompert/Development/work/vetenskapsfestivalen/wp-content/themes/Impreza-child/functions.php on line 205
[20-Jan-2015 01:41:33 UTC] PHP Notice:  Undefined variable: prefix in /Users/christian.dompert/Development/work/vetenskapsfestivalen/wp-content/themes/Impreza-child/functions.php on line 212
[20-Jan-2015 01:41:33 UTC] PHP Notice:  Undefined variable: prefix in /Users/christian.dompert/Development/work/vetenskapsfestivalen/wp-content/themes/Impreza-child/functions.php on line 224
[20-Jan-2015 01:41:33 UTC] PHP Notice:  Undefined variable: prefix in /Users/christian.dompert/Development/work/vetenskapsfestivalen/wp-content/themes/Impreza-child/functions.php on line 229
[20-Jan-2015 01:41:34 UTC] PHP Notice:  Undefined variable: prefix in /Users/christian.dompert/Development/work/vetenskapsfestivalen/wp-content/themes/Impreza-child/functions.php on line 165
[20-Jan-2015 01:41:34 UTC] PHP Notice:  Undefined variable: prefix in /Users/christian.dompert/Development/work/vetenskapsfestivalen/wp-content/themes/Impreza-child/functions.php on line 175
[20-Jan-2015 01:41:34 UTC] PHP Notice:  Undefined variable: prefix in /Users/christian.dompert/Development/work/vetenskapsfestivalen/wp-content/themes/Impreza-child/functions.php on line 187
[20-Jan-2015 01:41:34 UTC] PHP Notice:  Undefined variable: prefix in /Users/christian.dompert/Development/work/vetenskapsfestivalen/wp-content/themes/Impreza-child/functions.php on line 194
[20-Jan-2015 01:41:34 UTC] PHP Notice:  Undefined variable: prefix in /Users/christian.dompert/Development/work/vetenskapsfestivalen/wp-content/themes/Impreza-child/functions.php on line 205
[20-Jan-2015 01:41:34 UTC] PHP Notice:  Undefined variable: prefix in /Users/christian.dompert/Development/work/vetenskapsfestivalen/wp-content/themes/Impreza-child/functions.php on line 212
[20-Jan-2015 01:41:34 UTC] PHP Notice:  Undefined variable: prefix in /Users/christian.dompert/Development/work/vetenskapsfestivalen/wp-content/themes/Impreza-child/functions.php on line 224
[20-Jan-2015 01:41:34 UTC] PHP Notice:  Undefined variable: prefix in /Users/christian.dompert/Development/work/vetenskapsfestivalen/wp-content/themes/Impreza-child/functions.php on line 229
[20-Jan-2015 01:41:35 UTC] PHP Notice:  Undefined variable: prefix in /Users/christian.dompert/Development/work/vetenskapsfestivalen/wp-content/themes/Impreza-child/functions.php on line 165
[20-Jan-2015 01:41:35 UTC] PHP Notice:  Undefined variable: prefix in /Users/christian.dompert/Development/work/vetenskapsfestivalen/wp-content/themes/Impreza-child/functions.php on line 175
[20-Jan-2015 01:41:35 UTC] PHP Notice:  Undefined variable: prefix in /Users/christian.dompert/Development/work/vetenskapsfestivalen/wp-content/themes/Impreza-child/functions.php on line 187
[20-Jan-2015 01:41:35 UTC] PHP Notice:  Undefined variable: prefix in /Users/christian.dompert/Development/work/vetenskapsfestivalen/wp-content/themes/Impreza-child/functions.php on line 194
[20-Jan-2015 01:41:35 UTC] PHP Notice:  Undefined variable: prefix in /Users/christian.dompert/Development/work/vetenskapsfestivalen/wp-content/themes/Impreza-child/functions.php on line 205
[20-Jan-2015 01:41:35 UTC] PHP Notice:  Undefined variable: prefix in /Users/christian.dompert/Development/work/vetenskapsfestivalen/wp-content/themes/Impreza-child/functions.php on line 212
[20-Jan-2015 01:41:35 UTC] PHP Notice:  Undefined variable: prefix in /Users/christian.dompert/Development/work/vetenskapsfestivalen/wp-content/themes/Impreza-child/functions.php on line 224
[20-Jan-2015 01:41:35 UTC] PHP Notice:  Undefined variable: prefix in /Users/christian.dompert/Development/work/vetenskapsfestivalen/wp-content/themes/Impreza-child/functions.php on line 229
[20-Jan-2015 01:41:37 UTC] PHP Notice:  Undefined variable: prefix in /Users/christian.dompert/Development/work/vetenskapsfestivalen/wp-content/themes/Impreza-child/functions.php on line 165
[20-Jan-2015 01:41:37 UTC] PHP Notice:  Undefined variable: prefix in /Users/christian.dompert/Development/work/vetenskapsfestivalen/wp-content/themes/Impreza-child/functions.php on line 175
[20-Jan-2015 01:41:37 UTC] PHP Notice:  Undefined variable: prefix in /Users/christian.dompert/Development/work/vetenskapsfestivalen/wp-content/themes/Impreza-child/functions.php on line 187
[20-Jan-2015 01:41:37 UTC] PHP Notice:  Undefined variable: prefix in /Users/christian.dompert/Development/work/vetenskapsfestivalen/wp-content/themes/Impreza-child/functions.php on line 194
[20-Jan-2015 01:41:37 UTC] PHP Notice:  Undefined variable: prefix in /Users/christian.dompert/Development/work/vetenskapsfestivalen/wp-content/themes/Impreza-child/functions.php on line 205
[20-Jan-2015 01:41:37 UTC] PHP Notice:  Undefined variable: prefix in /Users/christian.dompert/Development/work/vetenskapsfestivalen/wp-content/themes/Impreza-child/functions.php on line 212
[20-Jan-2015 01:41:37 UTC] PHP Notice:  Undefined variable: prefix in /Users/christian.dompert/Development/work/vetenskapsfestivalen/wp-content/themes/Impreza-child/functions.php on line 224
[20-Jan-2015 01:41:37 UTC] PHP Notice:  Undefined variable: prefix in /Users/christian.dompert/Development/work/vetenskapsfestivalen/wp-content/themes/Impreza-child/functions.php on line 229
[20-Jan-2015 01:41:38 UTC] PHP Notice:  Undefined variable: prefix in /Users/christian.dompert/Development/work/vetenskapsfestivalen/wp-content/themes/Impreza-child/functions.php on line 165
[20-Jan-2015 01:41:38 UTC] PHP Notice:  Undefined variable: prefix in /Users/christian.dompert/Development/work/vetenskapsfestivalen/wp-content/themes/Impreza-child/functions.php on line 175
[20-Jan-2015 01:41:38 UTC] PHP Notice:  Undefined variable: prefix in /Users/christian.dompert/Development/work/vetenskapsfestivalen/wp-content/themes/Impreza-child/functions.php on line 187
[20-Jan-2015 01:41:38 UTC] PHP Notice:  Undefined variable: prefix in /Users/christian.dompert/Development/work/vetenskapsfestivalen/wp-content/themes/Impreza-child/functions.php on line 194
[20-Jan-2015 01:41:38 UTC] PHP Notice:  Undefined variable: prefix in /Users/christian.dompert/Development/work/vetenskapsfestivalen/wp-content/themes/Impreza-child/functions.php on line 205
[20-Jan-2015 01:41:38 UTC] PHP Notice:  Undefined variable: prefix in /Users/christian.dompert/Development/work/vetenskapsfestivalen/wp-content/themes/Impreza-child/functions.php on line 212
[20-Jan-2015 01:41:38 UTC] PHP Notice:  Undefined variable: prefix in /Users/christian.dompert/Development/work/vetenskapsfestivalen/wp-content/themes/Impreza-child/functions.php on line 224
[20-Jan-2015 01:41:38 UTC] PHP Notice:  Undefined variable: prefix in /Users/christian.dompert/Development/work/vetenskapsfestivalen/wp-content/themes/Impreza-child/functions.php on line 229
[20-Jan-2015 01:41:38 UTC] PHP Notice:  Undefined variable: prefix in /Users/christian.dompert/Development/work/vetenskapsfestivalen/wp-content/themes/Impreza-child/functions.php on line 165
[20-Jan-2015 01:41:38 UTC] PHP Notice:  Undefined variable: prefix in /Users/christian.dompert/Development/work/vetenskapsfestivalen/wp-content/themes/Impreza-child/functions.php on line 175
[20-Jan-2015 01:41:38 UTC] PHP Notice:  Undefined variable: prefix in /Users/christian.dompert/Development/work/vetenskapsfestivalen/wp-content/themes/Impreza-child/functions.php on line 187
[20-Jan-2015 01:41:38 UTC] PHP Notice:  Undefined variable: prefix in /Users/christian.dompert/Development/work/vetenskapsfestivalen/wp-content/themes/Impreza-child/functions.php on line 194
[20-Jan-2015 01:41:38 UTC] PHP Notice:  Undefined variable: prefix in /Users/christian.dompert/Development/work/vetenskapsfestivalen/wp-content/themes/Impreza-child/functions.php on line 205
[20-Jan-2015 01:41:38 UTC] PHP Notice:  Undefined variable: prefix in /Users/christian.dompert/Development/work/vetenskapsfestivalen/wp-content/themes/Impreza-child/functions.php on line 212
[20-Jan-2015 01:41:38 UTC] PHP Notice:  Undefined variable: prefix in /Users/christian.dompert/Development/work/vetenskapsfestivalen/wp-content/themes/Impreza-child/functions.php on line 224
[20-Jan-2015 01:41:38 UTC] PHP Notice:  Undefined variable: prefix in /Users/christian.dompert/Development/work/vetenskapsfestivalen/wp-content/themes/Impreza-child/functions.php on line 229
[20-Jan-2015 01:41:38 UTC] PHP Notice:  Undefined variable: prefix in /Users/christian.dompert/Development/work/vetenskapsfestivalen/wp-content/themes/Impreza-child/functions.php on line 165
[20-Jan-2015 01:41:38 UTC] PHP Notice:  Undefined variable: prefix in /Users/christian.dompert/Development/work/vetenskapsfestivalen/wp-content/themes/Impreza-child/functions.php on line 175
[20-Jan-2015 01:41:38 UTC] PHP Notice:  Undefined variable: prefix in /Users/christian.dompert/Development/work/vetenskapsfestivalen/wp-content/themes/Impreza-child/functions.php on line 187
[20-Jan-2015 01:41:38 UTC] PHP Notice:  Undefined variable: prefix in /Users/christian.dompert/Development/work/vetenskapsfestivalen/wp-content/themes/Impreza-child/functions.php on line 194
[20-Jan-2015 01:41:38 UTC] PHP Notice:  Undefined variable: prefix in /Users/christian.dompert/Development/work/vetenskapsfestivalen/wp-content/themes/Impreza-child/functions.php on line 205
[20-Jan-2015 01:41:38 UTC] PHP Notice:  Undefined variable: prefix in /Users/christian.dompert/Development/work/vetenskapsfestivalen/wp-content/themes/Impreza-child/functions.php on line 212
[20-Jan-2015 01:41:38 UTC] PHP Notice:  Undefined variable: prefix in /Users/christian.dompert/Development/work/vetenskapsfestivalen/wp-content/themes/Impreza-child/functions.php on line 224
[20-Jan-2015 01:41:38 UTC] PHP Notice:  Undefined variable: prefix in /Users/christian.dompert/Development/work/vetenskapsfestivalen/wp-content/themes/Impreza-child/functions.php on line 229
[20-Jan-2015 01:41:38 UTC] PHP Notice:  Undefined variable: prefix in /Users/christian.dompert/Development/work/vetenskapsfestivalen/wp-content/themes/Impreza-child/functions.php on line 165
[20-Jan-2015 01:41:38 UTC] PHP Notice:  Undefined variable: prefix in /Users/christian.dompert/Development/work/vetenskapsfestivalen/wp-content/themes/Impreza-child/functions.php on line 175
[20-Jan-2015 01:41:38 UTC] PHP Notice:  Undefined variable: prefix in /Users/christian.dompert/Development/work/vetenskapsfestivalen/wp-content/themes/Impreza-child/functions.php on line 187
[20-Jan-2015 01:41:38 UTC] PHP Notice:  Undefined variable: prefix in /Users/christian.dompert/Development/work/vetenskapsfestivalen/wp-content/themes/Impreza-child/functions.php on line 194
[20-Jan-2015 01:41:38 UTC] PHP Notice:  Undefined variable: prefix in /Users/christian.dompert/Development/work/vetenskapsfestivalen/wp-content/themes/Impreza-child/functions.php on line 205
[20-Jan-2015 01:41:38 UTC] PHP Notice:  Undefined variable: prefix in /Users/christian.dompert/Development/work/vetenskapsfestivalen/wp-content/themes/Impreza-child/functions.php on line 212
[20-Jan-2015 01:41:38 UTC] PHP Notice:  Undefined variable: prefix in /Users/christian.dompert/Development/work/vetenskapsfestivalen/wp-content/themes/Impreza-child/functions.php on line 224
[20-Jan-2015 01:41:38 UTC] PHP Notice:  Undefined variable: prefix in /Users/christian.dompert/Development/work/vetenskapsfestivalen/wp-content/themes/Impreza-child/functions.php on line 229
[20-Jan-2015 01:41:38 UTC] PHP Notice:  Undefined variable: prefix in /Users/christian.dompert/Development/work/vetenskapsfestivalen/wp-content/themes/Impreza-child/functions.php on line 165
[20-Jan-2015 01:41:38 UTC] PHP Notice:  Undefined variable: prefix in /Users/christian.dompert/Development/work/vetenskapsfestivalen/wp-content/themes/Impreza-child/functions.php on line 175
[20-Jan-2015 01:41:38 UTC] PHP Notice:  Undefined variable: prefix in /Users/christian.dompert/Development/work/vetenskapsfestivalen/wp-content/themes/Impreza-child/functions.php on line 187
[20-Jan-2015 01:41:38 UTC] PHP Notice:  Undefined variable: prefix in /Users/christian.dompert/Development/work/vetenskapsfestivalen/wp-content/themes/Impreza-child/functions.php on line 194
[20-Jan-2015 01:41:38 UTC] PHP Notice:  Undefined variable: prefix in /Users/christian.dompert/Development/work/vetenskapsfestivalen/wp-content/themes/Impreza-child/functions.php on line 205
[20-Jan-2015 01:41:38 UTC] PHP Notice:  Undefined variable: prefix in /Users/christian.dompert/Development/work/vetenskapsfestivalen/wp-content/themes/Impreza-child/functions.php on line 212
[20-Jan-2015 01:41:38 UTC] PHP Notice:  Undefined variable: prefix in /Users/christian.dompert/Development/work/vetenskapsfestivalen/wp-content/themes/Impreza-child/functions.php on line 224
[20-Jan-2015 01:41:38 UTC] PHP Notice:  Undefined variable: prefix in /Users/christian.dompert/Development/work/vetenskapsfestivalen/wp-content/themes/Impreza-child/functions.php on line 229
[20-Jan-2015 01:41:38 UTC] PHP Notice:  Undefined variable: prefix in /Users/christian.dompert/Development/work/vetenskapsfestivalen/wp-content/themes/Impreza-child/functions.php on line 165
[20-Jan-2015 01:41:38 UTC] PHP Notice:  Undefined variable: prefix in /Users/christian.dompert/Development/work/vetenskapsfestivalen/wp-content/themes/Impreza-child/functions.php on line 175
[20-Jan-2015 01:41:38 UTC] PHP Notice:  Undefined variable: prefix in /Users/christian.dompert/Development/work/vetenskapsfestivalen/wp-content/themes/Impreza-child/functions.php on line 187
[20-Jan-2015 01:41:38 UTC] PHP Notice:  Undefined variable: prefix in /Users/christian.dompert/Development/work/vetenskapsfestivalen/wp-content/themes/Impreza-child/functions.php on line 194
[20-Jan-2015 01:41:38 UTC] PHP Notice:  Undefined variable: prefix in /Users/christian.dompert/Development/work/vetenskapsfestivalen/wp-content/themes/Impreza-child/functions.php on line 205
[20-Jan-2015 01:41:38 UTC] PHP Notice:  Undefined variable: prefix in /Users/christian.dompert/Development/work/vetenskapsfestivalen/wp-content/themes/Impreza-child/functions.php on line 212
[20-Jan-2015 01:41:38 UTC] PHP Notice:  Undefined variable: prefix in /Users/christian.dompert/Development/work/vetenskapsfestivalen/wp-content/themes/Impreza-child/functions.php on line 224
[20-Jan-2015 01:41:38 UTC] PHP Notice:  Undefined variable: prefix in /Users/christian.dompert/Development/work/vetenskapsfestivalen/wp-content/themes/Impreza-child/functions.php on line 229
[20-Jan-2015 01:41:39 UTC] PHP Notice:  Undefined variable: prefix in /Users/christian.dompert/Development/work/vetenskapsfestivalen/wp-content/themes/Impreza-child/functions.php on line 165
[20-Jan-2015 01:41:39 UTC] PHP Notice:  Undefined variable: prefix in /Users/christian.dompert/Development/work/vetenskapsfestivalen/wp-content/themes/Impreza-child/functions.php on line 175
[20-Jan-2015 01:41:39 UTC] PHP Notice:  Undefined variable: prefix in /Users/christian.dompert/Development/work/vetenskapsfestivalen/wp-content/themes/Impreza-child/functions.php on line 187
[20-Jan-2015 01:41:39 UTC] PHP Notice:  Undefined variable: prefix in /Users/christian.dompert/Development/work/vetenskapsfestivalen/wp-content/themes/Impreza-child/functions.php on line 194
[20-Jan-2015 01:41:39 UTC] PHP Notice:  Undefined variable: prefix in /Users/christian.dompert/Development/work/vetenskapsfestivalen/wp-content/themes/Impreza-child/functions.php on line 205
[20-Jan-2015 01:41:39 UTC] PHP Notice:  Undefined variable: prefix in /Users/christian.dompert/Development/work/vetenskapsfestivalen/wp-content/themes/Impreza-child/functions.php on line 212
[20-Jan-2015 01:41:39 UTC] PHP Notice:  Undefined variable: prefix in /Users/christian.dompert/Development/work/vetenskapsfestivalen/wp-content/themes/Impreza-child/functions.php on line 224
[20-Jan-2015 01:41:39 UTC] PHP Notice:  Undefined variable: prefix in /Users/christian.dompert/Development/work/vetenskapsfestivalen/wp-content/themes/Impreza-child/functions.php on line 229
[20-Jan-2015 01:41:39 UTC] PHP Notice:  Undefined variable: prefix in /Users/christian.dompert/Development/work/vetenskapsfestivalen/wp-content/themes/Impreza-child/functions.php on line 165
[20-Jan-2015 01:41:39 UTC] PHP Notice:  Undefined variable: prefix in /Users/christian.dompert/Development/work/vetenskapsfestivalen/wp-content/themes/Impreza-child/functions.php on line 175
[20-Jan-2015 01:41:39 UTC] PHP Notice:  Undefined variable: prefix in /Users/christian.dompert/Development/work/vetenskapsfestivalen/wp-content/themes/Impreza-child/functions.php on line 187
[20-Jan-2015 01:41:39 UTC] PHP Notice:  Undefined variable: prefix in /Users/christian.dompert/Development/work/vetenskapsfestivalen/wp-content/themes/Impreza-child/functions.php on line 194
[20-Jan-2015 01:41:39 UTC] PHP Notice:  Undefined variable: prefix in /Users/christian.dompert/Development/work/vetenskapsfestivalen/wp-content/themes/Impreza-child/functions.php on line 205
[20-Jan-2015 01:41:39 UTC] PHP Notice:  Undefined variable: prefix in /Users/christian.dompert/Development/work/vetenskapsfestivalen/wp-content/themes/Impreza-child/functions.php on line 212
[20-Jan-2015 01:41:39 UTC] PHP Notice:  Undefined variable: prefix in /Users/christian.dompert/Development/work/vetenskapsfestivalen/wp-content/themes/Impreza-child/functions.php on line 224
[20-Jan-2015 01:41:39 UTC] PHP Notice:  Undefined variable: prefix in /Users/christian.dompert/Development/work/vetenskapsfestivalen/wp-content/themes/Impreza-child/functions.php on line 229
[20-Jan-2015 01:41:39 UTC] PHP Notice:  Undefined variable: prefix in /Users/christian.dompert/Development/work/vetenskapsfestivalen/wp-content/themes/Impreza-child/functions.php on line 165
[20-Jan-2015 01:41:39 UTC] PHP Notice:  Undefined variable: prefix in /Users/christian.dompert/Development/work/vetenskapsfestivalen/wp-content/themes/Impreza-child/functions.php on line 175
[20-Jan-2015 01:41:39 UTC] PHP Notice:  Undefined variable: prefix in /Users/christian.dompert/Development/work/vetenskapsfestivalen/wp-content/themes/Impreza-child/functions.php on line 187
[20-Jan-2015 01:41:39 UTC] PHP Notice:  Undefined variable: prefix in /Users/christian.dompert/Development/work/vetenskapsfestivalen/wp-content/themes/Impreza-child/functions.php on line 194
[20-Jan-2015 01:41:39 UTC] PHP Notice:  Undefined variable: prefix in /Users/christian.dompert/Development/work/vetenskapsfestivalen/wp-content/themes/Impreza-child/functions.php on line 205
[20-Jan-2015 01:41:39 UTC] PHP Notice:  Undefined variable: prefix in /Users/christian.dompert/Development/work/vetenskapsfestivalen/wp-content/themes/Impreza-child/functions.php on line 212
[20-Jan-2015 01:41:39 UTC] PHP Notice:  Undefined variable: prefix in /Users/christian.dompert/Development/work/vetenskapsfestivalen/wp-content/themes/Impreza-child/functions.php on line 224
[20-Jan-2015 01:41:39 UTC] PHP Notice:  Undefined variable: prefix in /Users/christian.dompert/Development/work/vetenskapsfestivalen/wp-content/themes/Impreza-child/functions.php on line 229
[20-Jan-2015 01:41:40 UTC] PHP Notice:  Undefined variable: prefix in /Users/christian.dompert/Development/work/vetenskapsfestivalen/wp-content/themes/Impreza-child/functions.php on line 165
[20-Jan-2015 01:41:40 UTC] PHP Notice:  Undefined variable: prefix in /Users/christian.dompert/Development/work/vetenskapsfestivalen/wp-content/themes/Impreza-child/functions.php on line 175
[20-Jan-2015 01:41:40 UTC] PHP Notice:  Undefined variable: prefix in /Users/christian.dompert/Development/work/vetenskapsfestivalen/wp-content/themes/Impreza-child/functions.php on line 187
[20-Jan-2015 01:41:40 UTC] PHP Notice:  Undefined variable: prefix in /Users/christian.dompert/Development/work/vetenskapsfestivalen/wp-content/themes/Impreza-child/functions.php on line 194
[20-Jan-2015 01:41:40 UTC] PHP Notice:  Undefined variable: prefix in /Users/christian.dompert/Development/work/vetenskapsfestivalen/wp-content/themes/Impreza-child/functions.php on line 205
[20-Jan-2015 01:41:40 UTC] PHP Notice:  Undefined variable: prefix in /Users/christian.dompert/Development/work/vetenskapsfestivalen/wp-content/themes/Impreza-child/functions.php on line 212
[20-Jan-2015 01:41:40 UTC] PHP Notice:  Undefined variable: prefix in /Users/christian.dompert/Development/work/vetenskapsfestivalen/wp-content/themes/Impreza-child/functions.php on line 224
[20-Jan-2015 01:41:40 UTC] PHP Notice:  Undefined variable: prefix in /Users/christian.dompert/Development/work/vetenskapsfestivalen/wp-content/themes/Impreza-child/functions.php on line 229
[20-Jan-2015 01:41:40 UTC] PHP Notice:  Undefined variable: prefix in /Users/christian.dompert/Development/work/vetenskapsfestivalen/wp-content/themes/Impreza-child/functions.php on line 165
[20-Jan-2015 01:41:40 UTC] PHP Notice:  Undefined variable: prefix in /Users/christian.dompert/Development/work/vetenskapsfestivalen/wp-content/themes/Impreza-child/functions.php on line 175
[20-Jan-2015 01:41:40 UTC] PHP Notice:  Undefined variable: prefix in /Users/christian.dompert/Development/work/vetenskapsfestivalen/wp-content/themes/Impreza-child/functions.php on line 187
[20-Jan-2015 01:41:40 UTC] PHP Notice:  Undefined variable: prefix in /Users/christian.dompert/Development/work/vetenskapsfestivalen/wp-content/themes/Impreza-child/functions.php on line 194
[20-Jan-2015 01:41:40 UTC] PHP Notice:  Undefined variable: prefix in /Users/christian.dompert/Development/work/vetenskapsfestivalen/wp-content/themes/Impreza-child/functions.php on line 205
[20-Jan-2015 01:41:40 UTC] PHP Notice:  Undefined variable: prefix in /Users/christian.dompert/Development/work/vetenskapsfestivalen/wp-content/themes/Impreza-child/functions.php on line 212
[20-Jan-2015 01:41:40 UTC] PHP Notice:  Undefined variable: prefix in /Users/christian.dompert/Development/work/vetenskapsfestivalen/wp-content/themes/Impreza-child/functions.php on line 224
[20-Jan-2015 01:41:40 UTC] PHP Notice:  Undefined variable: prefix in /Users/christian.dompert/Development/work/vetenskapsfestivalen/wp-content/themes/Impreza-child/functions.php on line 229
[20-Jan-2015 01:41:40 UTC] PHP Notice:  Undefined variable: prefix in /Users/christian.dompert/Development/work/vetenskapsfestivalen/wp-content/themes/Impreza-child/functions.php on line 165
[20-Jan-2015 01:41:40 UTC] PHP Notice:  Undefined variable: prefix in /Users/christian.dompert/Development/work/vetenskapsfestivalen/wp-content/themes/Impreza-child/functions.php on line 175
[20-Jan-2015 01:41:40 UTC] PHP Notice:  Undefined variable: prefix in /Users/christian.dompert/Development/work/vetenskapsfestivalen/wp-content/themes/Impreza-child/functions.php on line 187
[20-Jan-2015 01:41:40 UTC] PHP Notice:  Undefined variable: prefix in /Users/christian.dompert/Development/work/vetenskapsfestivalen/wp-content/themes/Impreza-child/functions.php on line 194
[20-Jan-2015 01:41:40 UTC] PHP Notice:  Undefined variable: prefix in /Users/christian.dompert/Development/work/vetenskapsfestivalen/wp-content/themes/Impreza-child/functions.php on line 205
[20-Jan-2015 01:41:40 UTC] PHP Notice:  Undefined variable: prefix in /Users/christian.dompert/Development/work/vetenskapsfestivalen/wp-content/themes/Impreza-child/functions.php on line 212
[20-Jan-2015 01:41:40 UTC] PHP Notice:  Undefined variable: prefix in /Users/christian.dompert/Development/work/vetenskapsfestivalen/wp-content/themes/Impreza-child/functions.php on line 224
[20-Jan-2015 01:41:40 UTC] PHP Notice:  Undefined variable: prefix in /Users/christian.dompert/Development/work/vetenskapsfestivalen/wp-content/themes/Impreza-child/functions.php on line 229
[20-Jan-2015 01:41:52 UTC] PHP Notice:  Undefined variable: prefix in /Users/christian.dompert/Development/work/vetenskapsfestivalen/wp-content/themes/Impreza-child/functions.php on line 165
[20-Jan-2015 01:41:52 UTC] PHP Notice:  Undefined variable: prefix in /Users/christian.dompert/Development/work/vetenskapsfestivalen/wp-content/themes/Impreza-child/functions.php on line 175
[20-Jan-2015 01:41:52 UTC] PHP Notice:  Undefined variable: prefix in /Users/christian.dompert/Development/work/vetenskapsfestivalen/wp-content/themes/Impreza-child/functions.php on line 187
[20-Jan-2015 01:41:52 UTC] PHP Notice:  Undefined variable: prefix in /Users/christian.dompert/Development/work/vetenskapsfestivalen/wp-content/themes/Impreza-child/functions.php on line 194
[20-Jan-2015 01:41:52 UTC] PHP Notice:  Undefined variable: prefix in /Users/christian.dompert/Development/work/vetenskapsfestivalen/wp-content/themes/Impreza-child/functions.php on line 205
[20-Jan-2015 01:41:52 UTC] PHP Notice:  Undefined variable: prefix in /Users/christian.dompert/Development/work/vetenskapsfestivalen/wp-content/themes/Impreza-child/functions.php on line 212
[20-Jan-2015 01:41:52 UTC] PHP Notice:  Undefined variable: prefix in /Users/christian.dompert/Development/work/vetenskapsfestivalen/wp-content/themes/Impreza-child/functions.php on line 224
[20-Jan-2015 01:41:52 UTC] PHP Notice:  Undefined variable: prefix in /Users/christian.dompert/Development/work/vetenskapsfestivalen/wp-content/themes/Impreza-child/functions.php on line 229
[20-Jan-2015 01:45:04 UTC] PHP Warning:  Ett oväntat fel inträffade. Något kan vara fel med WordPress.org eller denna serverkonfiguration. Om du fortsätter ha problem, besök <a href="https://wordpress.org/support/">supportforumet</a>. (WordPress kunde inte skapa en säker anslutning mot WordPress.org. Vänligen kontakta ditt webbhotell eller serveradministratör.) in /Users/christian.dompert/Development/work/vetenskapsfestivalen/wp-includes/update.php on line 295
[20-Jan-2015 01:46:19 UTC] PHP Warning:  Ett oväntat fel inträffade. Något kan vara fel med WordPress.org eller denna serverkonfiguration. Om du fortsätter ha problem, besök <a href="https://wordpress.org/support/">supportforumet</a>. (WordPress kunde inte skapa en säker anslutning mot WordPress.org. Vänligen kontakta ditt webbhotell eller serveradministratör.) in /Users/christian.dompert/Development/work/vetenskapsfestivalen/wp-admin/includes/plugin-install.php on line 83
[20-Jan-2015 01:47:39 UTC] PHP Warning:  Ett oväntat fel inträffade. Något kan vara fel med WordPress.org eller denna serverkonfiguration. Om du fortsätter ha problem, besök <a href="https://wordpress.org/support/">supportforumet</a>. (WordPress kunde inte skapa en säker anslutning mot WordPress.org. Vänligen kontakta ditt webbhotell eller serveradministratör.) in /Users/christian.dompert/Development/work/vetenskapsfestivalen/wp-includes/update.php on line 457
[20-Jan-2015 01:47:57 UTC] PHP Warning:  Ett oväntat fel inträffade. Något kan vara fel med WordPress.org eller denna serverkonfiguration. Om du fortsätter ha problem, besök <a href="https://wordpress.org/support/">supportforumet</a>. (WordPress kunde inte skapa en säker anslutning mot WordPress.org. Vänligen kontakta ditt webbhotell eller serveradministratör.) in /Users/christian.dompert/Development/work/vetenskapsfestivalen/wp-admin/includes/plugin-install.php on line 83
[20-Jan-2015 01:48:24 UTC] PHP Notice:  Constant RWMB_VER already defined in /Users/christian.dompert/Development/work/vetenskapsfestivalen/wp-content/plugins/meta-box/meta-box.php on line 16
[20-Jan-2015 01:48:24 UTC] PHP Notice:  Constant RWMB_JS_URL already defined in /Users/christian.dompert/Development/work/vetenskapsfestivalen/wp-content/plugins/meta-box/meta-box.php on line 21
[20-Jan-2015 01:48:24 UTC] PHP Notice:  Constant RWMB_CSS_URL already defined in /Users/christian.dompert/Development/work/vetenskapsfestivalen/wp-content/plugins/meta-box/meta-box.php on line 22
[20-Jan-2015 01:48:24 UTC] PHP Notice:  Constant RWMB_INC_DIR already defined in /Users/christian.dompert/Development/work/vetenskapsfestivalen/wp-content/plugins/meta-box/meta-box.php on line 27
[20-Jan-2015 01:48:24 UTC] PHP Notice:  Constant RWMB_FIELDS_DIR already defined in /Users/christian.dompert/Development/work/vetenskapsfestivalen/wp-content/plugins/meta-box/meta-box.php on line 28
[20-Jan-2015 01:48:24 UTC] PHP Notice:  Undefined index: args in /Users/christian.dompert/Development/work/vetenskapsfestivalen/wp-includes/functions.php on line 4490
[20-Jan-2015 01:48:24 UTC] PHP Warning:  require_once(/Users/christian.dompert/Development/work/vetenskapsfestivalen/wp-content/themes/Impreza/vendor/meta-box/inc/field.php): failed to open stream: No such file or directory in /Users/christian.dompert/Development/work/vetenskapsfestivalen/wp-content/plugins/meta-box/meta-box.php on line 39
[20-Jan-2015 01:48:24 UTC] PHP Fatal error:  require_once(): Failed opening required '/Users/christian.dompert/Development/work/vetenskapsfestivalen/wp-content/themes/Impreza/vendor/meta-box/inc/field.php' (include_path='.:/Applications/MAMP/bin/php/php5.6.2/lib/php') in /Users/christian.dompert/Development/work/vetenskapsfestivalen/wp-content/plugins/meta-box/meta-box.php on line 39
[20-Jan-2015 01:48:31 UTC] PHP Warning:  Ett oväntat fel inträffade. Något kan vara fel med WordPress.org eller denna serverkonfiguration. Om du fortsätter ha problem, besök <a href="https://wordpress.org/support/">supportforumet</a>. (WordPress kunde inte skapa en säker anslutning mot WordPress.org. Vänligen kontakta ditt webbhotell eller serveradministratör.) in /Users/christian.dompert/Development/work/vetenskapsfestivalen/wp-includes/update.php on line 295
[20-Jan-2015 01:48:45 UTC] PHP Warning:  Can't connect to http://wpmlorg.s3.amazonaws.com/wpml-products.json
 in /Users/christian.dompert/Development/work/vetenskapsfestivalen/wp-content/plugins/types/embedded/common/installer/includes/installer.class.php on line 430
[20-Jan-2015 01:48:55 UTC] PHP Warning:  Can't connect to http://wptypes.s3.amazonaws.com/toolset-products.json
 in /Users/christian.dompert/Development/work/vetenskapsfestivalen/wp-content/plugins/types/embedded/common/installer/includes/installer.class.php on line 430
[20-Jan-2015 01:48:59 UTC] PHP Warning:  Ett oväntat fel inträffade. Något kan vara fel med WordPress.org eller denna serverkonfiguration. Om du fortsätter ha problem, besök <a href="https://wordpress.org/support/">supportforumet</a>. (WordPress kunde inte skapa en säker anslutning mot WordPress.org. Vänligen kontakta ditt webbhotell eller serveradministratör.) in /Users/christian.dompert/Development/work/vetenskapsfestivalen/wp-includes/update.php on line 295
[20-Jan-2015 01:49:13 UTC] PHP Warning:  Can't connect to http://wpmlorg.s3.amazonaws.com/wpml-products.json
 in /Users/christian.dompert/Development/work/vetenskapsfestivalen/wp-content/plugins/types/embedded/common/installer/includes/installer.class.php on line 430
[20-Jan-2015 01:49:18 UTC] PHP Notice:  Constant RWMB_VER already defined in /Users/christian.dompert/Development/work/vetenskapsfestivalen/wp-content/plugins/meta-box/meta-box.php on line 16
[20-Jan-2015 01:49:18 UTC] PHP Notice:  Constant RWMB_JS_URL already defined in /Users/christian.dompert/Development/work/vetenskapsfestivalen/wp-content/plugins/meta-box/meta-box.php on line 21
[20-Jan-2015 01:49:18 UTC] PHP Notice:  Constant RWMB_CSS_URL already defined in /Users/christian.dompert/Development/work/vetenskapsfestivalen/wp-content/plugins/meta-box/meta-box.php on line 22
[20-Jan-2015 01:49:18 UTC] PHP Notice:  Constant RWMB_INC_DIR already defined in /Users/christian.dompert/Development/work/vetenskapsfestivalen/wp-content/plugins/meta-box/meta-box.php on line 27
[20-Jan-2015 01:49:18 UTC] PHP Notice:  Constant RWMB_FIELDS_DIR already defined in /Users/christian.dompert/Development/work/vetenskapsfestivalen/wp-content/plugins/meta-box/meta-box.php on line 28
[20-Jan-2015 01:49:18 UTC] PHP Notice:  Undefined index: args in /Users/christian.dompert/Development/work/vetenskapsfestivalen/wp-includes/functions.php on line 4490
[20-Jan-2015 01:49:18 UTC] PHP Warning:  require_once(/Users/christian.dompert/Development/work/vetenskapsfestivalen/wp-content/themes/Impreza/vendor/meta-box/inc/field.php): failed to open stream: No such file or directory in /Users/christian.dompert/Development/work/vetenskapsfestivalen/wp-content/plugins/meta-box/meta-box.php on line 39
[20-Jan-2015 01:49:18 UTC] PHP Fatal error:  require_once(): Failed opening required '/Users/christian.dompert/Development/work/vetenskapsfestivalen/wp-content/themes/Impreza/vendor/meta-box/inc/field.php' (include_path='.:/Applications/MAMP/bin/php/php5.6.2/lib/php') in /Users/christian.dompert/Development/work/vetenskapsfestivalen/wp-content/plugins/meta-box/meta-box.php on line 39
[20-Jan-2015 01:49:18 UTC] PHP Notice:  Constant RWMB_VER already defined in /Users/christian.dompert/Development/work/vetenskapsfestivalen/wp-content/plugins/meta-box/meta-box.php on line 16
[20-Jan-2015 01:49:18 UTC] PHP Notice:  Constant RWMB_JS_URL already defined in /Users/christian.dompert/Development/work/vetenskapsfestivalen/wp-content/plugins/meta-box/meta-box.php on line 21
[20-Jan-2015 01:49:18 UTC] PHP Notice:  Constant RWMB_CSS_URL already defined in /Users/christian.dompert/Development/work/vetenskapsfestivalen/wp-content/plugins/meta-box/meta-box.php on line 22
[20-Jan-2015 01:49:18 UTC] PHP Notice:  Constant RWMB_INC_DIR already defined in /Users/christian.dompert/Development/work/vetenskapsfestivalen/wp-content/plugins/meta-box/meta-box.php on line 27
[20-Jan-2015 01:49:18 UTC] PHP Notice:  Constant RWMB_FIELDS_DIR already defined in /Users/christian.dompert/Development/work/vetenskapsfestivalen/wp-content/plugins/meta-box/meta-box.php on line 28
[20-Jan-2015 01:49:18 UTC] PHP Notice:  Undefined index: args in /Users/christian.dompert/Development/work/vetenskapsfestivalen/wp-includes/functions.php on line 4490
[20-Jan-2015 01:49:18 UTC] PHP Warning:  require_once(/Users/christian.dompert/Development/work/vetenskapsfestivalen/wp-content/themes/Impreza/vendor/meta-box/inc/field.php): failed to open stream: No such file or directory in /Users/christian.dompert/Development/work/vetenskapsfestivalen/wp-content/plugins/meta-box/meta-box.php on line 39
[20-Jan-2015 01:49:18 UTC] PHP Fatal error:  require_once(): Failed opening required '/Users/christian.dompert/Development/work/vetenskapsfestivalen/wp-content/themes/Impreza/vendor/meta-box/inc/field.php' (include_path='.:/Applications/MAMP/bin/php/php5.6.2/lib/php') in /Users/christian.dompert/Development/work/vetenskapsfestivalen/wp-content/plugins/meta-box/meta-box.php on line 39
[20-Jan-2015 01:50:05 UTC] PHP Notice:  Constant RWMB_VER already defined in /Users/christian.dompert/Development/work/vetenskapsfestivalen/wp-content/plugins/meta-box/meta-box.php on line 16
[20-Jan-2015 01:50:05 UTC] PHP Notice:  Constant RWMB_JS_URL already defined in /Users/christian.dompert/Development/work/vetenskapsfestivalen/wp-content/plugins/meta-box/meta-box.php on line 21
[20-Jan-2015 01:50:05 UTC] PHP Notice:  Constant RWMB_CSS_URL already defined in /Users/christian.dompert/Development/work/vetenskapsfestivalen/wp-content/plugins/meta-box/meta-box.php on line 22
[20-Jan-2015 01:50:05 UTC] PHP Notice:  Constant RWMB_INC_DIR already defined in /Users/christian.dompert/Development/work/vetenskapsfestivalen/wp-content/plugins/meta-box/meta-box.php on line 27
[20-Jan-2015 01:50:05 UTC] PHP Notice:  Constant RWMB_FIELDS_DIR already defined in /Users/christian.dompert/Development/work/vetenskapsfestivalen/wp-content/plugins/meta-box/meta-box.php on line 28
[20-Jan-2015 01:50:05 UTC] PHP Notice:  Undefined index: args in /Users/christian.dompert/Development/work/vetenskapsfestivalen/wp-includes/functions.php on line 4490
[20-Jan-2015 01:50:05 UTC] PHP Warning:  require_once(/Users/christian.dompert/Development/work/vetenskapsfestivalen/wp-content/themes/Impreza/vendor/meta-box/inc/field.php): failed to open stream: No such file or directory in /Users/christian.dompert/Development/work/vetenskapsfestivalen/wp-content/plugins/meta-box/meta-box.php on line 39
[20-Jan-2015 01:50:05 UTC] PHP Fatal error:  require_once(): Failed opening required '/Users/christian.dompert/Development/work/vetenskapsfestivalen/wp-content/themes/Impreza/vendor/meta-box/inc/field.php' (include_path='.:/Applications/MAMP/bin/php/php5.6.2/lib/php') in /Users/christian.dompert/Development/work/vetenskapsfestivalen/wp-content/plugins/meta-box/meta-box.php on line 39
[20-Jan-2015 01:50:07 UTC] PHP Notice:  Constant RWMB_VER already defined in /Users/christian.dompert/Development/work/vetenskapsfestivalen/wp-content/plugins/meta-box/meta-box.php on line 16
[20-Jan-2015 01:50:07 UTC] PHP Notice:  Constant RWMB_JS_URL already defined in /Users/christian.dompert/Development/work/vetenskapsfestivalen/wp-content/plugins/meta-box/meta-box.php on line 21
[20-Jan-2015 01:50:07 UTC] PHP Notice:  Constant RWMB_CSS_URL already defined in /Users/christian.dompert/Development/work/vetenskapsfestivalen/wp-content/plugins/meta-box/meta-box.php on line 22
[20-Jan-2015 01:50:07 UTC] PHP Notice:  Constant RWMB_INC_DIR already defined in /Users/christian.dompert/Development/work/vetenskapsfestivalen/wp-content/plugins/meta-box/meta-box.php on line 27
[20-Jan-2015 01:50:07 UTC] PHP Notice:  Constant RWMB_FIELDS_DIR already defined in /Users/christian.dompert/Development/work/vetenskapsfestivalen/wp-content/plugins/meta-box/meta-box.php on line 28
[20-Jan-2015 01:50:07 UTC] PHP Notice:  Undefined index: args in /Users/christian.dompert/Development/work/vetenskapsfestivalen/wp-includes/functions.php on line 4490
[20-Jan-2015 01:50:07 UTC] PHP Warning:  require_once(/Users/christian.dompert/Development/work/vetenskapsfestivalen/wp-content/themes/Impreza/vendor/meta-box/inc/field.php): failed to open stream: No such file or directory in /Users/christian.dompert/Development/work/vetenskapsfestivalen/wp-content/plugins/meta-box/meta-box.php on line 39
[20-Jan-2015 01:50:07 UTC] PHP Fatal error:  require_once(): Failed opening required '/Users/christian.dompert/Development/work/vetenskapsfestivalen/wp-content/themes/Impreza/vendor/meta-box/inc/field.php' (include_path='.:/Applications/MAMP/bin/php/php5.6.2/lib/php') in /Users/christian.dompert/Development/work/vetenskapsfestivalen/wp-content/plugins/meta-box/meta-box.php on line 39
[20-Jan-2015 01:50:07 UTC] PHP Notice:  Constant RWMB_VER already defined in /Users/christian.dompert/Development/work/vetenskapsfestivalen/wp-content/plugins/meta-box/meta-box.php on line 16
[20-Jan-2015 01:50:07 UTC] PHP Notice:  Constant RWMB_JS_URL already defined in /Users/christian.dompert/Development/work/vetenskapsfestivalen/wp-content/plugins/meta-box/meta-box.php on line 21
[20-Jan-2015 01:50:07 UTC] PHP Notice:  Constant RWMB_CSS_URL already defined in /Users/christian.dompert/Development/work/vetenskapsfestivalen/wp-content/plugins/meta-box/meta-box.php on line 22
[20-Jan-2015 01:50:07 UTC] PHP Notice:  Constant RWMB_INC_DIR already defined in /Users/christian.dompert/Development/work/vetenskapsfestivalen/wp-content/plugins/meta-box/meta-box.php on line 27
[20-Jan-2015 01:50:07 UTC] PHP Notice:  Constant RWMB_FIELDS_DIR already defined in /Users/christian.dompert/Development/work/vetenskapsfestivalen/wp-content/plugins/meta-box/meta-box.php on line 28
[20-Jan-2015 01:50:07 UTC] PHP Notice:  Undefined index: args in /Users/christian.dompert/Development/work/vetenskapsfestivalen/wp-includes/functions.php on line 4490
[20-Jan-2015 01:50:07 UTC] PHP Warning:  require_once(/Users/christian.dompert/Development/work/vetenskapsfestivalen/wp-content/themes/Impreza/vendor/meta-box/inc/field.php): failed to open stream: No such file or directory in /Users/christian.dompert/Development/work/vetenskapsfestivalen/wp-content/plugins/meta-box/meta-box.php on line 39
[20-Jan-2015 01:50:07 UTC] PHP Fatal error:  require_once(): Failed opening required '/Users/christian.dompert/Development/work/vetenskapsfestivalen/wp-content/themes/Impreza/vendor/meta-box/inc/field.php' (include_path='.:/Applications/MAMP/bin/php/php5.6.2/lib/php') in /Users/christian.dompert/Development/work/vetenskapsfestivalen/wp-content/plugins/meta-box/meta-box.php on line 39
[20-Jan-2015 02:12:54 UTC] PHP Parse error:  syntax error, unexpected '$subjectsQuery' (T_VARIABLE) in /Users/christian.dompert/Development/work/vetenskapsfestivalen/wp-content/plugins/vestfast_event/vetfast_event.php on line 243
[20-Jan-2015 02:13:09 UTC] PHP Parse error:  syntax error, unexpected '$subjectsQuery' (T_VARIABLE) in /Users/christian.dompert/Development/work/vetenskapsfestivalen/wp-content/plugins/vestfast_event/vetfast_event.php on line 243
[20-Jan-2015 02:14:46 UTC] PHP Parse error:  syntax error, unexpected '$subjectsQuery' (T_VARIABLE) in /Users/christian.dompert/Development/work/vetenskapsfestivalen/wp-content/plugins/vestfast_event/vetfast_event.php on line 243
[20-Jan-2015 02:15:09 UTC] PHP Parse error:  syntax error, unexpected '$subjectsQuery' (T_VARIABLE) in /Users/christian.dompert/Development/work/vetenskapsfestivalen/wp-content/plugins/vestfast_event/vetfast_event.php on line 243
[20-Jan-2015 07:42:17 UTC] PHP Notice:  Undefined property: stdClass::$theme in /Users/christian.dompert/Development/work/vetenskapsfestivalen/wp-admin/includes/class-wp-upgrader.php on line 2608
[20-Jan-2015 10:04:23 UTC] PHP Notice:  Undefined property: stdClass::$theme in /Users/christian.dompert/Development/work/vetenskapsfestivalen/wp-admin/includes/class-wp-upgrader.php on line 2608
[20-Jan-2015 13:46:35 UTC] PHP Parse error:  syntax error, unexpected 'log_me' (T_STRING), expecting function (T_FUNCTION) in /Users/christian.dompert/Development/work/vetenskapsfestivalen/wp-content/plugins/vestfast_event/settings.php on line 138
[20-Jan-2015 13:46:36 UTC] PHP Parse error:  syntax error, unexpected 'log_me' (T_STRING), expecting function (T_FUNCTION) in /Users/christian.dompert/Development/work/vetenskapsfestivalen/wp-content/plugins/vestfast_event/settings.php on line 138
[20-Jan-2015 13:53:28 UTC] PHP Parse error:  syntax error, unexpected '}' in /Users/christian.dompert/Development/work/vetenskapsfestivalen/wp-content/themes/Impreza-child/functions.php on line 57
[20-Jan-2015 13:53:33 UTC] PHP Parse error:  syntax error, unexpected '}' in /Users/christian.dompert/Development/work/vetenskapsfestivalen/wp-content/themes/Impreza-child/functions.php on line 57
[20-Jan-2015 13:56:28 UTC] werwrwerwerwerewr
[20-Jan-2015 14:00:02 UTC] PHP Parse error:  syntax error, unexpected 'log_me' (T_STRING), expecting ')' in /Users/christian.dompert/Development/work/vetenskapsfestivalen/wp-content/themes/Impreza-child/functions.php on line 230
[20-Jan-2015 14:00:10 UTC] werwrwerwerwerewr
[20-Jan-2015 14:00:11 UTC] werwrwerwerwerewr
[20-Jan-2015 14:00:13 UTC] werwrwerwerwerewr
[20-Jan-2015 14:00:28 UTC] werwrwerwerwerewr
[20-Jan-2015 14:00:37 UTC] werwrwerwerwerewr
[20-Jan-2015 14:00:39 UTC] werwrwerwerwerewr
[20-Jan-2015 14:00:40 UTC] werwrwerwerwerewr
[20-Jan-2015 14:19:03 UTC] PHP Parse error:  syntax error, unexpected '->' (T_OBJECT_OPERATOR) in /Users/christian.dompert/Development/work/vetenskapsfestivalen/wp-content/plugins/vestfast_event/settings.php on line 13
[20-Jan-2015 14:20:59 UTC] PHP Fatal error:  Call to undefined function log_me() in /Users/christian.dompert/Development/work/vetenskapsfestivalen/wp-content/plugins/vestfast_event/settings.php on line 374
[20-Jan-2015 14:21:02 UTC] PHP Fatal error:  Call to undefined function log_me() in /Users/christian.dompert/Development/work/vetenskapsfestivalen/wp-content/plugins/vestfast_event/settings.php on line 374
[20-Jan-2015 14:21:02 UTC] PHP Fatal error:  Call to undefined function log_me() in /Users/christian.dompert/Development/work/vetenskapsfestivalen/wp-content/plugins/vestfast_event/settings.php on line 374
[20-Jan-2015 14:25:31 UTC] PHP Parse error:  syntax error, unexpected '{' in /Users/christian.dompert/Development/work/vetenskapsfestivalen/wp-content/plugins/vestfast_event/vetfast_event.php on line 24
[20-Jan-2015 14:25:31 UTC] PHP Parse error:  syntax error, unexpected '{' in /Users/christian.dompert/Development/work/vetenskapsfestivalen/wp-content/plugins/vestfast_event/vetfast_event.php on line 24
[20-Jan-2015 14:25:51 UTC] PHP Parse error:  syntax error, unexpected '{' in /Users/christian.dompert/Development/work/vetenskapsfestivalen/wp-content/plugins/vestfast_event/vetfast_event.php on line 24
[20-Jan-2015 14:26:04 UTC] PHP Parse error:  syntax error, unexpected '}' in /Users/christian.dompert/Development/work/vetenskapsfestivalen/wp-content/plugins/vestfast_event/vetfast_event.php on line 26
[20-Jan-2015 14:26:10 UTC] PHP Parse error:  syntax error, unexpected '}' in /Users/christian.dompert/Development/work/vetenskapsfestivalen/wp-content/plugins/vestfast_event/vetfast_event.php on line 26
[20-Jan-2015 14:27:44 UTC] PHP Fatal error:  Call to undefined function log_me() in /Users/christian.dompert/Development/work/vetenskapsfestivalen/wp-content/plugins/vestfast_event/settings.php on line 13
[20-Jan-2015 14:27:51 UTC] PHP Fatal error:  Call to undefined function log_me() in /Users/christian.dompert/Development/work/vetenskapsfestivalen/wp-content/plugins/vestfast_event/settings.php on line 13
[20-Jan-2015 14:27:52 UTC] PHP Fatal error:  Call to undefined function log_me() in /Users/christian.dompert/Development/work/vetenskapsfestivalen/wp-content/plugins/vestfast_event/settings.php on line 13
[20-Jan-2015 14:28:04 UTC] werwrwerwerwerew2222222r
[20-Jan-2015 14:28:04 UTC] add_menu
[20-Jan-2015 14:28:35 UTC] werwrwerwerwerew2222222r
[20-Jan-2015 14:28:35 UTC] add_menu
[20-Jan-2015 23:26:41 UTC] PHP Fatal error:  Cannot use object of type WP_Error as array in /Users/christian.dompert/Development/work/vetenskapsfestivalen/wp-content/themes/Impreza/vendor/tf_updater/pixelentity-themes-updater/class-envato-protected-api.php on line 344
[20-Jan-2015 23:34:50 UTC] PHP Warning:  mysqli_real_connect(): (HY000/2002): Can't connect to local MySQL server through socket '/Applications/MAMP/tmp/mysql/mysql.sock' (2) in /Users/christian.dompert/Development/work/vetenskapsfestivalen/wp-includes/wp-db.php on line 1386
[20-Jan-2015 23:34:50 UTC] PHP Deprecated:  mysql_connect(): The mysql extension is deprecated and will be removed in the future: use mysqli or PDO instead in /Users/christian.dompert/Development/work/vetenskapsfestivalen/wp-includes/wp-db.php on line 1416
[20-Jan-2015 23:34:50 UTC] PHP Warning:  mysql_connect(): Can't connect to local MySQL server through socket '/Applications/MAMP/tmp/mysql/mysql.sock' (2) in /Users/christian.dompert/Development/work/vetenskapsfestivalen/wp-includes/wp-db.php on line 1416
[21-Jan-2015 05:39:22 UTC] PHP Fatal error:  Cannot redeclare class Partners_Widget in /Users/christian.dompert/Development/work/vetenskapsfestivalen/wp-content/themes/Impreza-child/widgets/menuwidget.php on line 59
[21-Jan-2015 07:41:30 UTC] childpage
[21-Jan-2015 07:42:59 UTC] PHP Warning:  mysqli_real_connect(): (HY000/2002): Can't connect to local MySQL server through socket '/Applications/MAMP/tmp/mysql/mysql.sock' (2) in /Users/christian.dompert/Development/work/vetenskapsfestivalen/wp-includes/wp-db.php on line 1386
[21-Jan-2015 07:42:59 UTC] PHP Deprecated:  mysql_connect(): The mysql extension is deprecated and will be removed in the future: use mysqli or PDO instead in /Users/christian.dompert/Development/work/vetenskapsfestivalen/wp-includes/wp-db.php on line 1416
[21-Jan-2015 07:42:59 UTC] PHP Warning:  mysql_connect(): Can't connect to local MySQL server through socket '/Applications/MAMP/tmp/mysql/mysql.sock' (2) in /Users/christian.dompert/Development/work/vetenskapsfestivalen/wp-includes/wp-db.php on line 1416
[21-Jan-2015 07:45:23 UTC] childpage
[21-Jan-2015 07:45:47 UTC] childpage
[21-Jan-2015 07:48:52 UTC] childpage
[21-Jan-2015 07:49:55 UTC] childpage
[21-Jan-2015 07:54:31 UTC] childpage
[21-Jan-2015 08:08:33 UTC] childpage
[21-Jan-2015 08:09:05 UTC] childpage
[21-Jan-2015 08:09:38 UTC] childpage
[21-Jan-2015 08:09:41 UTC] childpage
[21-Jan-2015 08:20:57 UTC] childpage
[21-Jan-2015 08:21:03 UTC] childpage
[21-Jan-2015 08:23:21 UTC] childpage
[21-Jan-2015 08:23:25 UTC] childpage
[21-Jan-2015 08:26:49 UTC] childpage
[21-Jan-2015 08:28:03 UTC] childpage
[21-Jan-2015 08:28:12 UTC] childpage
[21-Jan-2015 08:28:16 UTC] childpage
[21-Jan-2015 08:28:23 UTC] childpage
[21-Jan-2015 08:29:11 UTC] PHP Parse error:  syntax error, unexpected '<' in /Users/christian.dompert/Development/work/vetenskapsfestivalen/wp-content/themes/Impreza-child/page-sidebar_right2.php on line 5
[21-Jan-2015 08:30:21 UTC] childpage
[21-Jan-2015 08:31:26 UTC] childpage --
[21-Jan-2015 08:31:38 UTC] childpage --
[21-Jan-2015 08:32:49 UTC] childpage --
[21-Jan-2015 08:33:12 UTC] childpage --
[21-Jan-2015 08:33:19 UTC] childpage --
[21-Jan-2015 08:34:50 UTC] childpage --
[21-Jan-2015 08:36:34 UTC] childpage --
[21-Jan-2015 08:37:01 UTC] childpage --
[21-Jan-2015 08:37:01 UTC] childpage --
[21-Jan-2015 08:37:29 UTC] childpage --
[21-Jan-2015 08:37:29 UTC] childpage --
[21-Jan-2015 08:37:43 UTC] childpage --
[21-Jan-2015 08:37:43 UTC] childpage --
[21-Jan-2015 08:38:33 UTC] childpage --
[21-Jan-2015 08:38:33 UTC] childpage --
[23-Jan-2015 10:10:19 UTC] PHP Fatal error:  Call to undefined function wpb_getImageBySize() in /Users/christian.dompert/Development/work/vetenskapsfestivalen/wp-content/themes/Impreza-child/templates/pagehead.php on line 13
[23-Jan-2015 10:10:20 UTC] PHP Fatal error:  Call to undefined function wpb_getImageBySize() in /Users/christian.dompert/Development/work/vetenskapsfestivalen/wp-content/themes/Impreza-child/templates/pagehead.php on line 13
[23-Jan-2015 10:10:21 UTC] PHP Fatal error:  Call to undefined function wpb_getImageBySize() in /Users/christian.dompert/Development/work/vetenskapsfestivalen/wp-content/themes/Impreza-child/templates/pagehead.php on line 13
[23-Jan-2015 10:13:37 UTC] WordPress databasfel för Server shutdown in progress förfrågan SELECT option_value FROM wp_options WHERE option_name = 'Impreza_backups' LIMIT 1 skapat av require_once('wp-admin/admin.php'), do_action('admin_init'), call_user_func_array, optionsframework_admin_init, Options_Machine->__construct, Options_Machine::optionsframework_machine, get_option
[23-Jan-2015 10:34:47 UTC] PHP Fatal error:  Call to undefined function wpb_getImageBySize() in /Users/christian.dompert/Development/work/vetenskapsfestivalen/wp-content/themes/Impreza-child/templates/pagehead.php on line 13
[23-Jan-2015 22:17:33 UTC] WordPress databasfel för Server shutdown in progress förfrågan SELECT option_value FROM wp_options WHERE option_name = 'dismissed_update_core' LIMIT 1 skapat av require_once('wp-admin/admin.php'), require('wp-admin/menu.php'), wp_get_update_data, get_core_updates, get_site_option, get_option
[24-Jan-2015 08:05:41 UTC] PHP Warning:  mysqli_real_connect(): (HY000/2002): Can't connect to local MySQL server through socket '/Applications/MAMP/tmp/mysql/mysql.sock' (2) in /Users/christian.dompert/Development/work/vetenskapsfestivalen/wp-includes/wp-db.php on line 1386
[24-Jan-2015 08:05:41 UTC] PHP Deprecated:  mysql_connect(): The mysql extension is deprecated and will be removed in the future: use mysqli or PDO instead in /Users/christian.dompert/Development/work/vetenskapsfestivalen/wp-includes/wp-db.php on line 1416
[24-Jan-2015 08:05:41 UTC] PHP Warning:  mysql_connect(): Can't connect to local MySQL server through socket '/Applications/MAMP/tmp/mysql/mysql.sock' (2) in /Users/christian.dompert/Development/work/vetenskapsfestivalen/wp-includes/wp-db.php on line 1416
[27-Jan-2015 12:51:02 UTC] PHP Warning:  mysqli_real_connect(): (HY000/2002): Can't connect to local MySQL server through socket '/Applications/MAMP/tmp/mysql/mysql.sock' (2) in /Users/christian.dompert/Development/work/vetenskapsfestivalen/wp-includes/wp-db.php on line 1386
[27-Jan-2015 12:51:02 UTC] PHP Deprecated:  mysql_connect(): The mysql extension is deprecated and will be removed in the future: use mysqli or PDO instead in /Users/christian.dompert/Development/work/vetenskapsfestivalen/wp-includes/wp-db.php on line 1416
[27-Jan-2015 12:51:02 UTC] PHP Warning:  mysql_connect(): Can't connect to local MySQL server through socket '/Applications/MAMP/tmp/mysql/mysql.sock' (2) in /Users/christian.dompert/Development/work/vetenskapsfestivalen/wp-includes/wp-db.php on line 1416
[02-Feb-2015 13:57:01 UTC] PHP Warning:  mysqli_real_connect(): (HY000/2002): Can't connect to local MySQL server through socket '/Applications/MAMP/tmp/mysql/mysql.sock' (2) in /Users/christian.dompert/Development/work/vetenskapsfestivalen/wp-includes/wp-db.php on line 1386
[02-Feb-2015 13:57:01 UTC] PHP Deprecated:  mysql_connect(): The mysql extension is deprecated and will be removed in the future: use mysqli or PDO instead in /Users/christian.dompert/Development/work/vetenskapsfestivalen/wp-includes/wp-db.php on line 1416
[02-Feb-2015 13:57:01 UTC] PHP Warning:  mysql_connect(): Can't connect to local MySQL server through socket '/Applications/MAMP/tmp/mysql/mysql.sock' (2) in /Users/christian.dompert/Development/work/vetenskapsfestivalen/wp-includes/wp-db.php on line 1416
[11-Feb-2015 09:51:02 UTC] PHP Parse error:  syntax error, unexpected 'function' (T_FUNCTION) in /Users/christian.dompert/Development/work/vetenskapsfestivalen/wp-content/themes/Impreza-child/functions.php on line 419
[11-Feb-2015 09:53:25 UTC] WordPress databasfel för Server shutdown in progress förfrågan UPDATE `wp_options` SET `option_value` = 'a:10:{i:0;s:21:\"polylang/polylang.php\";i:1;s:41:\"advanced-post-list/advanced-post-list.php\";i:2;s:28:\"blackbox-debug-bar/index.php\";i:3;s:23:\"debug-bar/debug-bar.php\";i:5;s:51:\"impreza_js_composer_435/impreza_js_composer_435.php\";i:6;s:37:\"post-types-order/post-types-order.php\";i:7;s:23:\"revslider/revslider.php\";i:8;s:14:\"types/wpcf.php\";i:9;s:32:\"vestfast_event/vetfast_event.php\";i:10;s:31:\"wp-migrate-db/wp-migrate-db.php\";}' WHERE `option_name` = 'active_plugins' skapat av deactivate_plugins, update_option
[11-Feb-2015 13:29:07 UTC] PHP Warning:  mysqli_real_connect(): (HY000/2002): Can't connect to local MySQL server through socket '/Applications/MAMP/tmp/mysql/mysql.sock' (2) in /Users/christian.dompert/Development/work/vetenskapsfestivalen/wp-includes/wp-db.php on line 1386
[11-Feb-2015 13:29:07 UTC] PHP Deprecated:  mysql_connect(): The mysql extension is deprecated and will be removed in the future: use mysqli or PDO instead in /Users/christian.dompert/Development/work/vetenskapsfestivalen/wp-includes/wp-db.php on line 1416
[11-Feb-2015 13:29:07 UTC] PHP Warning:  mysql_connect(): Can't connect to local MySQL server through socket '/Applications/MAMP/tmp/mysql/mysql.sock' (2) in /Users/christian.dompert/Development/work/vetenskapsfestivalen/wp-includes/wp-db.php on line 1416
